c:\program files\infowatch\devicemonitor\client\logs\print\printlogverbose_[link.exe__15576__2026.2.21_17.12.22].txt
c:\program files\infowatch\devicemonitor\client\logs\detours\hookapidetourslogverbose_[link.exe__15576__2026.2.21_17.12.22].txt
c:\program files\infowatch\devicemonitor\client\logs\clipboard\clipboardmonitorlogverbose_[link.exe__15576__2026.2.21_17.12.22].txt
c:\program files\infowatch\devicemonitor\client\logs\copymove\copymovelogverbose_[link.exe__15576__2026.2.21_17.12.22].txt
c:\program files\infowatch\devicemonitor\client\logs\mtp\mtplogverbose_[link.exe_15576__2026.2.21_17.12.22].txt
c:\program files\infowatch\devicemonitor\client\logs\soundcapture\soundcapturelogverbose_[link.exe__15576__2026.2.21_17.12.22].txt
c:\kcode\lab1\debug\lab1.exe
c:\kcode\lab1\debug\lab1.pdb
c:\program files\infowatch\devicemonitor\client\logs\print\printlogverbose_[link.exe__8040__2026.3.28_11.29.39].txt
c:\program files\infowatch\devicemonitor\client\logs\detours\hookapidetourslogverbose_[link.exe__8040__2026.3.28_11.29.39].txt
c:\program files\infowatch\devicemonitor\client\logs\clipboard\clipboardmonitorlogverbose_[link.exe__8040__2026.3.28_11.29.39].txt
c:\program files\infowatch\devicemonitor\client\logs\copymove\copymovelogverbose_[link.exe__8040__2026.3.28_11.29.39].txt
c:\program files\infowatch\devicemonitor\client\logs\mtp\mtplogverbose_[link.exe_8040__2026.3.28_11.29.39].txt
c:\program files\infowatch\devicemonitor\client\logs\soundcapture\soundcapturelogverbose_[link.exe__8040__2026.3.28_11.29.39].txt
c:\users\class\desktop\lab1\debug\lab1.exe
c:\users\class\desktop\lab1\debug\lab1.pdb
c:\users\class\desktop\lab1\lab1\debug\source.obj
c:\users\class\desktop\lab1\lab1\debug\lab1.ilk
d:\high school\3 course\2 semestre\асвт\лр\лр3\lab1\lab1\debug\source.obj
d:\high school\3 course\2 semestre\асвт\лр\лр3\lab1\lab1\debug\lab1.ilk
d:\high school\3 course\2 semestre\асвт\лр\лр3\lab1\debug\lab1.pdb
d:\high school\3 course\2 semestre\асвт\лр\лр3\lab1\debug\lab1.exe
d:\high school\3 course\2 semestre\асвт\лр\лр3\lab1\lab1\debug\lab1.tlog\link.command.1.tlog
d:\high school\3 course\2 semestre\асвт\лр\лр3\lab1\lab1\debug\lab1.tlog\link.read.1.tlog
d:\high school\3 course\2 semestre\асвт\лр\лр3\lab1\lab1\debug\lab1.tlog\link.secondary.1.tlog
d:\high school\3 course\2 semestre\асвт\лр\лр3\lab1\lab1\debug\lab1.tlog\link.write.1.tlog
d:\high school\3 course\2 semestre\асвт\лр\лр3\lab1\lab1\debug\lab1.tlog\masm.read.1u.tlog
d:\high school\3 course\2 semestre\асвт\лр\лр3\lab1\lab1\debug\lab1.tlog\masm.write.1u.tlog
